<?xml version="1.0" encoding="UTF-8"?>
<!-- Generated by org.testng.reporters.JUnitXMLReporter -->
<testsuite hostname="welcome-PC" ignored="0" name="Default test" tests="4" failures="0" timestamp="13 Jun 2019 19:46:32 GMT" time="0.249" errors="0">
  <testcase name="div" time="0.044" classname="com.qa.tests.DemoTest"/>
  <testcase name="mul" time="0.012" classname="com.qa.tests.DemoTest"/>
  <testcase name="sub" time="0.033" classname="com.qa.tests.DemoTest"/>
  <testcase name="sum" time="0.003" classname="com.qa.tests.DemoTest"/>
</testsuite> <!-- Default test -->
