<?xml version="1.0" encoding="UTF-8"?>
<testng-results skipped="0" failed="0" ignored="0" total="12" passed="12">
  <reporter-output>
  </reporter-output>
  <suite name="TestNG Maven Suite" duration-ms="221" started-at="2019-06-13T21:09:37Z" finished-at="2019-06-13T21:09:37Z">
    <groups>
    </groups>
    <test name="Test Maven Testing" duration-ms="221" started-at="2019-06-13T21:09:37Z" finished-at="2019-06-13T21:09:37Z">
      <class name="com.qa.tests.DemoTest">
        <test-method status="PASS" signature="div()[pri:0, instance:com.qa.tests.DemoTest@edf4efb]" name="div" duration-ms="33" started-at="2019-06-13T21:09:37Z" finished-at="2019-06-13T21:09:37Z">
          <reporter-output>
          </reporter-output>
        </test-method> <!-- div -->
        <test-method status="PASS" signature="mul()[pri:0, instance:com.qa.tests.DemoTest@edf4efb]" name="mul" duration-ms="1" started-at="2019-06-13T21:09:37Z" finished-at="2019-06-13T21:09:37Z">
          <reporter-output>
          </reporter-output>
        </test-method> <!-- mul -->
        <test-method status="PASS" signature="sub()[pri:0, instance:com.qa.tests.DemoTest@edf4efb]" name="sub" duration-ms="0" started-at="2019-06-13T21:09:37Z" finished-at="2019-06-13T21:09:37Z">
          <reporter-output>
          </reporter-output>
        </test-method> <!-- sub -->
        <test-method status="PASS" signature="sum()[pri:0, instance:com.qa.tests.DemoTest@edf4efb]" name="sum" duration-ms="5" started-at="2019-06-13T21:09:37Z" finished-at="2019-06-13T21:09:37Z">
          <reporter-output>
          </reporter-output>
        </test-method> <!-- sum -->
      </class> <!-- com.qa.tests.DemoTest -->
      <class name="com.qa.tests.DemoTest1">
        <test-method status="PASS" signature="div()[pri:0, instance:com.qa.tests.DemoTest1@2f7a2457]" name="div" duration-ms="1" started-at="2019-06-13T21:09:37Z" finished-at="2019-06-13T21:09:37Z">
          <reporter-output>
          </reporter-output>
        </test-method> <!-- div -->
        <test-method status="PASS" signature="mul()[pri:0, instance:com.qa.tests.DemoTest1@2f7a2457]" name="mul" duration-ms="1" started-at="2019-06-13T21:09:37Z" finished-at="2019-06-13T21:09:37Z">
          <reporter-output>
          </reporter-output>
        </test-method> <!-- mul -->
        <test-method status="PASS" signature="sub()[pri:0, instance:com.qa.tests.DemoTest1@2f7a2457]" name="sub" duration-ms="0" started-at="2019-06-13T21:09:37Z" finished-at="2019-06-13T21:09:37Z">
          <reporter-output>
          </reporter-output>
        </test-method> <!-- sub -->
        <test-method status="PASS" signature="sum()[pri:0, instance:com.qa.tests.DemoTest1@2f7a2457]" name="sum" duration-ms="1" started-at="2019-06-13T21:09:37Z" finished-at="2019-06-13T21:09:37Z">
          <reporter-output>
          </reporter-output>
        </test-method> <!-- sum -->
      </class> <!-- com.qa.tests.DemoTest1 -->
      <class name="com.qa.tests.DemoTest2">
        <test-method status="PASS" signature="div()[pri:0, instance:com.qa.tests.DemoTest2@566776ad]" name="div" duration-ms="8" started-at="2019-06-13T21:09:37Z" finished-at="2019-06-13T21:09:37Z">
          <reporter-output>
          </reporter-output>
        </test-method> <!-- div -->
        <test-method status="PASS" signature="mul()[pri:0, instance:com.qa.tests.DemoTest2@566776ad]" name="mul" duration-ms="1" started-at="2019-06-13T21:09:37Z" finished-at="2019-06-13T21:09:37Z">
          <reporter-output>
          </reporter-output>
        </test-method> <!-- mul -->
        <test-method status="PASS" signature="sub()[pri:0, instance:com.qa.tests.DemoTest2@566776ad]" name="sub" duration-ms="1" started-at="2019-06-13T21:09:37Z" finished-at="2019-06-13T21:09:37Z">
          <reporter-output>
          </reporter-output>
        </test-method> <!-- sub -->
        <test-method status="PASS" signature="sum()[pri:0, instance:com.qa.tests.DemoTest2@566776ad]" name="sum" duration-ms="1" started-at="2019-06-13T21:09:37Z" finished-at="2019-06-13T21:09:37Z">
          <reporter-output>
          </reporter-output>
        </test-method> <!-- sum -->
      </class> <!-- com.qa.tests.DemoTest2 -->
    </test> <!-- Test Maven Testing -->
  </suite> <!-- TestNG Maven Suite -->
</testng-results>
