<?xml version="1.0" encoding="UTF-8"?>
<testng-results skipped="0" failed="0" ignored="0" total="4" passed="4">
  <reporter-output>
  </reporter-output>
  <suite name="Default suite" duration-ms="249" started-at="2019-06-13T19:46:32Z" finished-at="2019-06-13T19:46:32Z">
    <groups>
    </groups>
    <test name="Default test" duration-ms="249" started-at="2019-06-13T19:46:32Z" finished-at="2019-06-13T19:46:32Z">
      <class name="com.qa.tests.DemoTest">
        <test-method status="PASS" signature="div()[pri:0, instance:com.qa.tests.DemoTest@28feb3fa]" name="div" duration-ms="44" started-at="2019-06-13T19:46:32Z" finished-at="2019-06-13T19:46:32Z">
          <reporter-output>
          </reporter-output>
        </test-method> <!-- div -->
        <test-method status="PASS" signature="mul()[pri:0, instance:com.qa.tests.DemoTest@28feb3fa]" name="mul" duration-ms="12" started-at="2019-06-13T19:46:32Z" finished-at="2019-06-13T19:46:32Z">
          <reporter-output>
          </reporter-output>
        </test-method> <!-- mul -->
        <test-method status="PASS" signature="sub()[pri:0, instance:com.qa.tests.DemoTest@28feb3fa]" name="sub" duration-ms="33" started-at="2019-06-13T19:46:32Z" finished-at="2019-06-13T19:46:32Z">
          <reporter-output>
          </reporter-output>
        </test-method> <!-- sub -->
        <test-method status="PASS" signature="sum()[pri:0, instance:com.qa.tests.DemoTest@28feb3fa]" name="sum" duration-ms="3" started-at="2019-06-13T19:46:32Z" finished-at="2019-06-13T19:46:32Z">
          <reporter-output>
          </reporter-output>
        </test-method> <!-- sum -->
      </class> <!-- com.qa.tests.DemoTest -->
    </test> <!-- Default test -->
  </suite> <!-- Default suite -->
</testng-results>
