<?xml version="1.0" encoding="UTF-8"?>
<!-- Generated by org.testng.reporters.JUnitReportReporter -->
<testsuite skipped="0" hostname="welcome-PC" name="com.qa.tests.DemoTest" tests="4" failures="0" timestamp="13 Jun 2019 21:09:38 GMT" time="0.039" errors="0">
  <testcase name="div" time="0.033" classname="com.qa.tests.DemoTest"/>
  <testcase name="mul" time="0.001" classname="com.qa.tests.DemoTest"/>
  <testcase name="sub" time="0.000" classname="com.qa.tests.DemoTest"/>
  <testcase name="sum" time="0.005" classname="com.qa.tests.DemoTest"/>
</testsuite> <!-- com.qa.tests.DemoTest -->
